OpenROAD 0.9.0 d03ebfc244
This program is licensed under the BSD-3 license. See the LICENSE file for details. 
Components of this program may be licensed under more restrictive licenses which must be honored.
Error: cannot open '/.openroad'.
Notice 0: Reading LEF file:  /project/openlane/user_proj_example/runs/user_proj_example/tmp/merged_unpadded.lef
Notice 0:     Created 13 technology layers
Notice 0:     Created 25 technology vias
Notice 0:     Created 437 library cells
Notice 0: Finished LEF file:  /project/openlane/user_proj_example/runs/user_proj_example/tmp/merged_unpadded.lef
Warning: /Users/dan.rodrigues/hw/sky130A/libs.ref/sky130_fd_sc_hd/lib/sky130_fd_sc_hd__tt_025C_1v80.lib, line 31 default_operating_condition tt_025C_1v80 not found.
Notice 0: 
Reading DEF file: /project/openlane/user_proj_example/runs/user_proj_example/results/placement/user_proj_example.placement.def
Notice 0: Design: user_proj_example
Notice 0:     Created 604 pins.
Notice 0:     Created 5603 components and 15833 component-terminals.
Notice 0:     Created 1127 nets and 2092 connections.
Notice 0: Finished DEF file: /project/openlane/user_proj_example/runs/user_proj_example/results/placement/user_proj_example.placement.def
[INFO]: Setting output delay to: 2.0
[INFO]: Setting input delay to: 2.0
[INFO]: Setting load to: 0.01765
[INFO]: Configuring cts characterization...
[INFO]: Performing clock tree synthesis...
[INFO]: Looking for the following net(s): counter.clk
